c:\users\oriot\onedrive - sejong university\sejong univ\s.s.g\project\targetfinder\targetfinder\debug\vc143.pdb
c:\users\oriot\onedrive - sejong university\sejong univ\s.s.g\project\targetfinder\targetfinder\debug\vc143.idb
c:\users\oriot\onedrive - sejong university\sejong univ\s.s.g\project\targetfinder\targetfinder\debug\main.obj
c:\users\oriot\onedrive - sejong university\sejong univ\s.s.g\project\targetfinder\targetfinder\debug\instruction.obj
c:\users\oriot\onedrive - sejong university\sejong univ\s.s.g\project\targetfinder\targetfinder\debug\debugger.obj
c:\users\intel\onedrive - sejong university\sejong univ\s.s.g\project\targetfinder\targetfinder\debug\vc143.pdb
c:\users\intel\onedrive - sejong university\sejong univ\s.s.g\project\targetfinder\targetfinder\debug\vc143.idb
c:\users\intel\onedrive - sejong university\sejong univ\s.s.g\project\targetfinder\targetfinder\debug\main.obj
c:\users\intel\onedrive - sejong university\sejong univ\s.s.g\project\targetfinder\targetfinder\debug\debugger.obj
c:\users\intel\onedrive - sejong university\sejong univ\s.s.g\project\targetfinder\targetfinder\debug\instruction.obj
c:\users\intel\onedrive - sejong university\sejong univ\s.s.g\project\targetfinder\debug\targetfinder.exe
c:\users\intel\onedrive - sejong university\sejong univ\s.s.g\project\targetfinder\targetfinder\debug\targetfinder.ilk
c:\users\intel\onedrive - sejong university\sejong univ\s.s.g\project\targetfinder\debug\targetfinder.pdb
c:\users\oriot\onedrive - sejong university\sejong univ\s.s.g\project\targetfinder\targetfinder\debug\debugger-win-nnubnpt2ac6.obj
c:\users\oriot\onedrive - sejong university\sejong univ\s.s.g\project\targetfinder\targetfinder\debug\targetfinder-win-nnubnpt2ac6.ilk
c:\users\oriot\onedrive - sejong university\sejong univ\s.s.g\project\targetfinder\targetfinder\debug\targetfinder.ilk
c:\users\oriot\onedrive - sejong university\sejong univ\s.s.g\project\targetfinder\targetfinder\debug\vc143-win-nnubnpt2ac6.idb
c:\users\oriot\onedrive - sejong university\sejong univ\s.s.g\project\targetfinder\targetfinder\debug\vc143-win-nnubnpt2ac6.pdb
c:\users\oriot\onedrive - sejong university\sejong univ\s.s.g\project\targetfinder\debug\targetfinder.pdb
c:\users\oriot\onedrive - sejong university\sejong univ\s.s.g\project\targetfinder\debug\targetfinder.exe
c:\users\oriot\onedrive - sejong university\sejong univ\s.s.g\project\targetfinder\targetfinder\debug\targetfinder.tlog\cl.command.1.tlog
c:\users\oriot\onedrive - sejong university\sejong univ\s.s.g\project\targetfinder\targetfinder\debug\targetfinder.tlog\cl.read.1-win-nnubnpt2ac6.tlog
c:\users\oriot\onedrive - sejong university\sejong univ\s.s.g\project\targetfinder\targetfinder\debug\targetfinder.tlog\cl.read.1.tlog
c:\users\oriot\onedrive - sejong university\sejong univ\s.s.g\project\targetfinder\targetfinder\debug\targetfinder.tlog\cl.write.1-win-nnubnpt2ac6.tlog
c:\users\oriot\onedrive - sejong university\sejong univ\s.s.g\project\targetfinder\targetfinder\debug\targetfinder.tlog\cl.write.1.tlog
c:\users\oriot\onedrive - sejong university\sejong univ\s.s.g\project\targetfinder\targetfinder\debug\targetfinder.tlog\link.command.1.tlog
c:\users\oriot\onedrive - sejong university\sejong univ\s.s.g\project\targetfinder\targetfinder\debug\targetfinder.tlog\link.read.1-win-nnubnpt2ac6.tlog
c:\users\oriot\onedrive - sejong university\sejong univ\s.s.g\project\targetfinder\targetfinder\debug\targetfinder.tlog\link.read.1.tlog
c:\users\oriot\onedrive - sejong university\sejong univ\s.s.g\project\targetfinder\targetfinder\debug\targetfinder.tlog\link.write.1.tlog
